<?xml version="1.0" encoding="UTF-8"?>
<!-- Generated by org.testng.reporters.JUnitXMLReporter -->
<testsuite ignored="0" hostname="DESKTOP-GB3856O" failures="1" tests="3" name="ecommerce" time="46.239" errors="0" timestamp="2024-09-14T23:34:55 IST">
  <testcase classname="Scratchproject.demoproject.ecommerce" name="submitorder" time="17.478">
    <failure type="java.lang.AssertionError" message="expected [true] but found [false]">
      <![CDATA[java.lang.AssertionError: expected [true] but found [false]
at Scratchproject.demoproject.ecommerce.submitorder(ecommerce.java:40)
at java.base/java.util.ArrayList.forEach(ArrayList.java:1511)
at java.base/java.util.concurrent.FutureTask.run(FutureTask.java:264)
at java.base/java.util.concurrent.ThreadPoolExecutor.runWorker(ThreadPoolExecutor.java:1136)
at java.base/java.util.concurrent.ThreadPoolExecutor$Worker.run(ThreadPoolExecutor.java:635)
at java.base/java.lang.Thread.run(Thread.java:842)
... Removed 21 stack frames]]>
    </failure>
  </testcase> <!-- submitorder -->
  <testcase classname="Scratchproject.demoproject.ecommerce" name="submitorder" time="14.727"/>
  <testcase classname="Scratchproject.demoproject.ecommerce" name="orderhistorytest" time="0.0">
    <skipped/>
  </testcase> <!-- orderhistorytest -->
</testsuite> <!-- ecommerce -->
