<?xml version="1.0" encoding="UTF-8"?>
<!-- Generated by org.testng.reporters.JUnitXMLReporter -->
<testsuite ignored="0" hostname="DESKTOP-GB3856O" failures="1" tests="2" name="Errormessage" time="27.752" errors="0" timestamp="2024-09-14T23:34:38 IST">
  <testcase classname="Scratchproject.demoproject.Errormessage" name="loginerrormessage" time="1.606"/>
  <testcase classname="Scratchproject.demoproject.Errormessage" name="productmatchvalidation" time="13.504">
    <failure type="java.lang.AssertionError" message="expected [false] but found [true]">
      <![CDATA[java.lang.AssertionError: expected [false] but found [true]
at Scratchproject.demoproject.Errormessage.productmatchvalidation(Errormessage.java:32)
at java.base/java.util.ArrayList.forEach(ArrayList.java:1511)
at java.base/java.util.concurrent.FutureTask.run(FutureTask.java:264)
at java.base/java.util.concurrent.ThreadPoolExecutor.runWorker(ThreadPoolExecutor.java:1136)
at java.base/java.util.concurrent.ThreadPoolExecutor$Worker.run(ThreadPoolExecutor.java:635)
at java.base/java.lang.Thread.run(Thread.java:842)
... Removed 21 stack frames]]>
    </failure>
  </testcase> <!-- productmatchvalidation -->
</testsuite> <!-- Errormessage -->
